[2016-04-10 10:14:50.600] [INFO] error - https://activity-aidifycloud.herokuapp.com service KO
[2016-04-10 10:15:35.789] [INFO] error - https://github-aidifycloud.herokuapp.com service KO
[2016-04-10 10:16:04.912] [INFO] error - https://github-aidifycloud.herokuapp.com service KO
[2016-04-10 10:16:04.912] [INFO] error - Some services are KO
[2016-04-10 10:16:05.051] [INFO] error - https://activity-aidifycloud.herokuapp.com service KO
[2016-04-10 10:17:00.576] [INFO] error - https://activity-aidifycloud.herokuapp.com service KO
[2016-04-10 10:17:00.576] [INFO] error - Some services are KO
[2016-04-10 10:17:00.576] [INFO] error - https://github-aidifycloud.herokuapp.com service KO
[2016-04-10 10:19:16.618] [INFO] error - https://activity-aidifycloud.herokuapp.com service KO
[2016-04-10 10:19:16.618] [INFO] error - https://github-aidifycloud.herokuapp.com service KO
[2016-04-10 10:19:17.591] [INFO] error - https://slack-aidifycloud.herokuapp.com service KO
[2016-04-10 10:19:17.591] [INFO] error - https://points-aidifycloud.herokuapp.com service KO
[2016-04-10 10:19:56.499] [INFO] error - https://slack-aidifycloud.herokuapp.com service KO
[2016-04-10 10:19:56.500] [INFO] error - https://activity-aidifycloud.herokuapp.com service KO
[2016-04-10 10:19:56.501] [INFO] error - https://points-aidifycloud.herokuapp.com service KO
[2016-04-10 10:19:56.501] [INFO] error - https://github-aidifycloud.herokuapp.com service KO
[2016-04-10 10:20:46.597] [INFO] error - https://activity-aidifycloud.herokuapp.com service KO
[2016-04-10 10:20:46.629] [INFO] error - https://github-aidifycloud.herokuapp.com service KO
[2016-04-10 10:20:47.431] [INFO] error - https://points-aidifycloud.herokuapp.com service KO
[2016-04-10 10:20:47.431] [INFO] error - https://slack-aidifycloud.herokuapp.com service KO
[2016-04-10 10:24:00.537] [INFO] error - https://activity-aidifycloud.herokuapp.com service KO
[2016-04-10 10:24:00.537] [INFO] error - Some services are KO
[2016-04-10 10:24:00.537] [INFO] error - https://points-aidifycloud.herokuapp.com service KO
[2016-04-10 10:24:00.537] [INFO] error - https://github-aidifycloud.herokuapp.com service KO
[2016-04-10 10:24:00.537] [INFO] error - https://slack-aidifycloud.herokuapp.com service KO
[2016-04-10 10:29:19.889] [INFO] error - https://activity-aidifycloud.herokuapp.com service KO
[2016-04-10 10:29:19.889] [INFO] error - Some services are KO
[2016-04-10 10:29:20.257] [INFO] error - https://points-aidifycloud.herokuapp.com service KO
[2016-04-10 10:29:20.273] [INFO] error - https://slack-aidifycloud.herokuapp.com service KO
[2016-04-10 10:31:09.221] [INFO] error - https://activity-aidifycloud.herokuapp.com service KO
[2016-04-10 10:31:09.221] [INFO] error - Some services are KO
[2016-04-10 10:31:10.255] [INFO] error - https://slack-aidifycloud.herokuapp.com service KO
[2016-04-10 10:31:10.255] [INFO] error - https://points-aidifycloud.herokuapp.com service KO
[2016-04-10 10:35:15.776] [INFO] error - https://points-aidifycloud.herokuapp.com service KO
[2016-04-10 10:35:15.776] [INFO] error - Some services are KO
[2016-04-10 10:35:15.976] [INFO] error - https://slack-aidifycloud.herokuapp.com service KO
[2016-04-10 10:38:01.525] [INFO] error - http://localhost:5003 service KO
[2016-04-10 10:38:01.525] [INFO] error - Some services are KO
[2016-04-10 10:38:04.887] [INFO] error - https://points-aidifycloud.herokuapp.com service KO
[2016-04-10 10:38:26.594] [INFO] error - https://points-aidifycloud.herokuapp.com service KO
[2016-04-10 10:38:26.594] [INFO] error - Some services are KO
[2016-04-10 10:46:56.658] [INFO] error - https://slack-aidifycloud.herokuapp.com service KO
[2016-04-10 10:46:56.658] [INFO] error - Some services are KO
[2016-04-10 10:49:46.812] [INFO] error - https://points-aidifycloud.herokuapp.com service KO
[2016-04-10 10:49:46.812] [INFO] error - Some services are KO
